D:\GAME\FRAMEWORKS\COCOS2D-X\COCOS\EDITOR-SUPPORT\SPINE\PROJ.WIN32\DEBUG.WIN32\ANIMATIONSTATE.OBJ
D:\GAME\FRAMEWORKS\COCOS2D-X\COCOS\EDITOR-SUPPORT\SPINE\PROJ.WIN32\DEBUG.WIN32\ATTACHMENT.OBJ
D:\GAME\FRAMEWORKS\COCOS2D-X\COCOS\EDITOR-SUPPORT\SPINE\PROJ.WIN32\DEBUG.WIN32\BONEDATA.OBJ
D:\GAME\FRAMEWORKS\COCOS2D-X\COCOS\EDITOR-SUPPORT\SPINE\PROJ.WIN32\DEBUG.WIN32\EXTENSION.OBJ
D:\GAME\FRAMEWORKS\COCOS2D-X\COCOS\EDITOR-SUPPORT\SPINE\PROJ.WIN32\DEBUG.WIN32\MESHATTACHMENT.OBJ
D:\GAME\FRAMEWORKS\COCOS2D-X\COCOS\EDITOR-SUPPORT\SPINE\PROJ.WIN32\DEBUG.WIN32\SKELETONDATA.OBJ
D:\GAME\FRAMEWORKS\COCOS2D-X\COCOS\EDITOR-SUPPORT\SPINE\PROJ.WIN32\DEBUG.WIN32\SLOT.OBJ
D:\GAME\FRAMEWORKS\COCOS2D-X\COCOS\EDITOR-SUPPORT\SPINE\PROJ.WIN32\DEBUG.WIN32\ATLAS.OBJ
D:\GAME\FRAMEWORKS\COCOS2D-X\COCOS\EDITOR-SUPPORT\SPINE\PROJ.WIN32\DEBUG.WIN32\BONE.OBJ
D:\GAME\FRAMEWORKS\COCOS2D-X\COCOS\EDITOR-SUPPORT\SPINE\PROJ.WIN32\DEBUG.WIN32\EVENTDATA.OBJ
D:\GAME\FRAMEWORKS\COCOS2D-X\COCOS\EDITOR-SUPPORT\SPINE\PROJ.WIN32\DEBUG.WIN32\JSON.OBJ
D:\GAME\FRAMEWORKS\COCOS2D-X\COCOS\EDITOR-SUPPORT\SPINE\PROJ.WIN32\DEBUG.WIN32\SKELETON.OBJ
D:\GAME\FRAMEWORKS\COCOS2D-X\COCOS\EDITOR-SUPPORT\SPINE\PROJ.WIN32\DEBUG.WIN32\SKIN.OBJ
D:\GAME\FRAMEWORKS\COCOS2D-X\COCOS\EDITOR-SUPPORT\SPINE\PROJ.WIN32\DEBUG.WIN32\ANIMATION.OBJ
D:\GAME\FRAMEWORKS\COCOS2D-X\COCOS\EDITOR-SUPPORT\SPINE\PROJ.WIN32\DEBUG.WIN32\ATTACHMENTLOADER.OBJ
D:\GAME\FRAMEWORKS\COCOS2D-X\COCOS\EDITOR-SUPPORT\SPINE\PROJ.WIN32\DEBUG.WIN32\EVENT.OBJ
D:\GAME\FRAMEWORKS\COCOS2D-X\COCOS\EDITOR-SUPPORT\SPINE\PROJ.WIN32\DEBUG.WIN32\IKCONSTRAINT.OBJ
D:\GAME\FRAMEWORKS\COCOS2D-X\COCOS\EDITOR-SUPPORT\SPINE\PROJ.WIN32\DEBUG.WIN32\SKELETONBOUNDS.OBJ
D:\GAME\FRAMEWORKS\COCOS2D-X\COCOS\EDITOR-SUPPORT\SPINE\PROJ.WIN32\DEBUG.WIN32\SKINNEDMESHATTACHMENT.OBJ
D:\GAME\FRAMEWORKS\COCOS2D-X\COCOS\EDITOR-SUPPORT\SPINE\PROJ.WIN32\DEBUG.WIN32\SLOTDATA.OBJ
D:\GAME\FRAMEWORKS\COCOS2D-X\COCOS\EDITOR-SUPPORT\SPINE\PROJ.WIN32\DEBUG.WIN32\ANIMATIONSTATEDATA.OBJ
D:\GAME\FRAMEWORKS\COCOS2D-X\COCOS\EDITOR-SUPPORT\SPINE\PROJ.WIN32\DEBUG.WIN32\ATLASATTACHMENTLOADER.OBJ
D:\GAME\FRAMEWORKS\COCOS2D-X\COCOS\EDITOR-SUPPORT\SPINE\PROJ.WIN32\DEBUG.WIN32\BOUNDINGBOXATTACHMENT.OBJ
D:\GAME\FRAMEWORKS\COCOS2D-X\COCOS\EDITOR-SUPPORT\SPINE\PROJ.WIN32\DEBUG.WIN32\IKCONSTRAINTDATA.OBJ
D:\GAME\FRAMEWORKS\COCOS2D-X\COCOS\EDITOR-SUPPORT\SPINE\PROJ.WIN32\DEBUG.WIN32\REGIONATTACHMENT.OBJ
D:\GAME\FRAMEWORKS\COCOS2D-X\COCOS\EDITOR-SUPPORT\SPINE\PROJ.WIN32\DEBUG.WIN32\SKELETONJSON.OBJ
D:\GAME\FRAMEWORKS\COCOS2D-X\COCOS\EDITOR-SUPPORT\SPINE\PROJ.WIN32\DEBUG.WIN32\VC110.PDB
D:\GAME\FRAMEWORKS\COCOS2D-X\COCOS\EDITOR-SUPPORT\SPINE\PROJ.WIN32\DEBUG.WIN32\POLYGONBATCH.OBJ
D:\GAME\FRAMEWORKS\COCOS2D-X\COCOS\EDITOR-SUPPORT\SPINE\PROJ.WIN32\DEBUG.WIN32\SKELETONRENDERER.OBJ
D:\GAME\FRAMEWORKS\COCOS2D-X\COCOS\EDITOR-SUPPORT\SPINE\PROJ.WIN32\DEBUG.WIN32\SKELETONANIMATION.OBJ
D:\GAME\FRAMEWORKS\COCOS2D-X\COCOS\EDITOR-SUPPORT\SPINE\PROJ.WIN32\DEBUG.WIN32\SPINE-COCOS2DX.OBJ
D:\GAME\FRAMEWORKS\RUNTIME-SRC\PROJ.WIN32\DEBUG.WIN32\LIBSPINE.LIB
D:\game\frameworks\cocos2d-x\cocos\editor-support\spine\proj.win32\Debug.win32\Animation.obj
D:\game\frameworks\cocos2d-x\cocos\editor-support\spine\proj.win32\Debug.win32\AnimationState.obj
D:\game\frameworks\cocos2d-x\cocos\editor-support\spine\proj.win32\Debug.win32\AnimationStateData.obj
D:\game\frameworks\cocos2d-x\cocos\editor-support\spine\proj.win32\Debug.win32\Atlas.obj
D:\game\frameworks\cocos2d-x\cocos\editor-support\spine\proj.win32\Debug.win32\AtlasAttachmentLoader.obj
D:\game\frameworks\cocos2d-x\cocos\editor-support\spine\proj.win32\Debug.win32\Attachment.obj
D:\game\frameworks\cocos2d-x\cocos\editor-support\spine\proj.win32\Debug.win32\AttachmentLoader.obj
D:\game\frameworks\cocos2d-x\cocos\editor-support\spine\proj.win32\Debug.win32\Bone.obj
D:\game\frameworks\cocos2d-x\cocos\editor-support\spine\proj.win32\Debug.win32\BoneData.obj
D:\game\frameworks\cocos2d-x\cocos\editor-support\spine\proj.win32\Debug.win32\BoundingBoxAttachment.obj
D:\game\frameworks\cocos2d-x\cocos\editor-support\spine\proj.win32\Debug.win32\Event.obj
D:\game\frameworks\cocos2d-x\cocos\editor-support\spine\proj.win32\Debug.win32\EventData.obj
D:\game\frameworks\cocos2d-x\cocos\editor-support\spine\proj.win32\Debug.win32\extension.obj
D:\game\frameworks\cocos2d-x\cocos\editor-support\spine\proj.win32\Debug.win32\IkConstraint.obj
D:\game\frameworks\cocos2d-x\cocos\editor-support\spine\proj.win32\Debug.win32\IkConstraintData.obj
D:\game\frameworks\cocos2d-x\cocos\editor-support\spine\proj.win32\Debug.win32\Json.obj
D:\game\frameworks\cocos2d-x\cocos\editor-support\spine\proj.win32\Debug.win32\MeshAttachment.obj
D:\game\frameworks\cocos2d-x\cocos\editor-support\spine\proj.win32\Debug.win32\PolygonBatch.obj
D:\game\frameworks\cocos2d-x\cocos\editor-support\spine\proj.win32\Debug.win32\RegionAttachment.obj
D:\game\frameworks\cocos2d-x\cocos\editor-support\spine\proj.win32\Debug.win32\Skeleton.obj
D:\game\frameworks\cocos2d-x\cocos\editor-support\spine\proj.win32\Debug.win32\SkeletonAnimation.obj
D:\game\frameworks\cocos2d-x\cocos\editor-support\spine\proj.win32\Debug.win32\SkeletonBounds.obj
D:\game\frameworks\cocos2d-x\cocos\editor-support\spine\proj.win32\Debug.win32\SkeletonData.obj
D:\game\frameworks\cocos2d-x\cocos\editor-support\spine\proj.win32\Debug.win32\SkeletonJson.obj
D:\game\frameworks\cocos2d-x\cocos\editor-support\spine\proj.win32\Debug.win32\SkeletonRenderer.obj
D:\game\frameworks\cocos2d-x\cocos\editor-support\spine\proj.win32\Debug.win32\Skin.obj
D:\game\frameworks\cocos2d-x\cocos\editor-support\spine\proj.win32\Debug.win32\SkinnedMeshAttachment.obj
D:\game\frameworks\cocos2d-x\cocos\editor-support\spine\proj.win32\Debug.win32\Slot.obj
D:\game\frameworks\cocos2d-x\cocos\editor-support\spine\proj.win32\Debug.win32\SlotData.obj
D:\game\frameworks\cocos2d-x\cocos\editor-support\spine\proj.win32\Debug.win32\spine-cocos2dx.obj
D:\game\frameworks\cocos2d-x\cocos\editor-support\spine\proj.win32\Debug.win32\CL.2704.read.1.tlog
D:\game\frameworks\cocos2d-x\cocos\editor-support\spine\proj.win32\Debug.win32\CL.2704.write.1.tlog
D:\game\frameworks\cocos2d-x\cocos\editor-support\spine\proj.win32\Debug.win32\CL.3208.read.1.tlog
D:\game\frameworks\cocos2d-x\cocos\editor-support\spine\proj.win32\Debug.win32\CL.3208.write.1.tlog
D:\game\frameworks\cocos2d-x\cocos\editor-support\spine\proj.win32\Debug.win32\CL.4904.read.1.tlog
D:\game\frameworks\cocos2d-x\cocos\editor-support\spine\proj.win32\Debug.win32\CL.4904.write.1.tlog
D:\game\frameworks\cocos2d-x\cocos\editor-support\spine\proj.win32\Debug.win32\CL.5468.read.1.tlog
D:\game\frameworks\cocos2d-x\cocos\editor-support\spine\proj.win32\Debug.win32\CL.5468.write.1.tlog
D:\game\frameworks\cocos2d-x\cocos\editor-support\spine\proj.win32\Debug.win32\CL.5564.read.1.tlog
D:\game\frameworks\cocos2d-x\cocos\editor-support\spine\proj.win32\Debug.win32\CL.5564.write.1.tlog
D:\game\frameworks\cocos2d-x\cocos\editor-support\spine\proj.win32\Debug.win32\CL.6768.read.1.tlog
D:\game\frameworks\cocos2d-x\cocos\editor-support\spine\proj.win32\Debug.win32\CL.6768.write.1.tlog
D:\game\frameworks\cocos2d-x\cocos\editor-support\spine\proj.win32\Debug.win32\CL.6960.read.1.tlog
D:\game\frameworks\cocos2d-x\cocos\editor-support\spine\proj.win32\Debug.win32\CL.6960.write.1.tlog
D:\game\frameworks\cocos2d-x\cocos\editor-support\spine\proj.win32\Debug.win32\CL.8240.read.1.tlog
D:\game\frameworks\cocos2d-x\cocos\editor-support\spine\proj.win32\Debug.win32\CL.8240.write.1.tlog
D:\game\frameworks\cocos2d-x\cocos\editor-support\spine\proj.win32\Debug.win32\cl.command.1.tlog
D:\game\frameworks\cocos2d-x\cocos\editor-support\spine\proj.win32\Debug.win32\CL.read.1.tlog
D:\game\frameworks\cocos2d-x\cocos\editor-support\spine\proj.win32\Debug.win32\CL.write.1.tlog
D:\game\frameworks\cocos2d-x\cocos\editor-support\spine\proj.win32\Debug.win32\Lib-link.read.1.tlog
D:\game\frameworks\cocos2d-x\cocos\editor-support\spine\proj.win32\Debug.win32\Lib-link.write.1.tlog
D:\game\frameworks\cocos2d-x\cocos\editor-support\spine\proj.win32\Debug.win32\lib.command.1.tlog
D:\game\frameworks\cocos2d-x\cocos\editor-support\spine\proj.win32\Debug.win32\vc110.idb
D:\game\frameworks\cocos2d-x\cocos\editor-support\spine\proj.win32\Debug.win32\vc110.pdb
D:\game\frameworks\runtime-src\proj.win32\Debug.win32\libSpine.lib
