生成启动时间为 2016/12/24 15:32:55。
     1>项目“D:\game\frameworks\cocos2d-x\cocos\editor-support\spine\proj.win32\libSpine.vcxproj”在节点 3 上(Rebuild 个目标)。
     1>ClCompile:
         D:\Microsoft Visual Studio 11.0\VC\bin\CL.exe /c /I"D:\game\frameworks\cocos2d-x\cocos\2d\..\..\\" /I"D:\game\frameworks\cocos2d-x\cocos\2d\..\..\cocos\audio\include" /I"D:\game\frameworks\cocos2d-x\cocos\2d\..\..\cocos\editor-support" /I"D:\game\frameworks\cocos2d-x\cocos\2d\..\..\extensions" /I"D:\game\frameworks\cocos2d-x\cocos\2d\..\..\cocos\editor-support" /I"D:\game\frameworks\cocos2d-x\cocos\2d\..\..\cocos" /I"D:\game\frameworks\cocos2d-x\cocos\2d\..\..\cocos\platform" /I"D:\game\frameworks\cocos2d-x\cocos\2d\..\..\cocos\platform\desktop" /I"D:\game\frameworks\cocos2d-x\cocos\2d\..\..\external\glfw3\include\win32" /I"D:\game\frameworks\cocos2d-x\cocos\2d\..\..\external\win32-specific\gles\include\OGLES" /ZI /nologo /W3 /WX- /MP /Od /Oy- /D WIN32 /D _DEBUG /D _WINDOWS /D _LIB /D COCOS2DXWIN32_EXPORTS /D GL_GLEXT_PROTOTYPES /D COCOS2D_DEBUG=1 /D _CRT_SECURE_NO_WARNINGS /D _SCL_SECURE_NO_WARNINGS /D _VARIADIC_MAX=10 /D _UNICODE /D UNICODE /Gm- /EHsc /RTC1 /MDd /GS /fp:precise /Zc:wchar_t /Zc:forScope /Fo"Debug.win32\\" /Fd"Debug.win32\vc110.pdb" /Gd /TC /wd4267 /wd4251 /wd4244 /analyze- /errorReport:prompt ..\Animation.c ..\AnimationState.c ..\AnimationStateData.c ..\Atlas.c ..\AtlasAttachmentLoader.c ..\Attachment.c ..\AttachmentLoader.c ..\Bone.c ..\BoneData.c ..\BoundingBoxAttachment.c ..\Event.c ..\EventData.c ..\extension.c ..\IkConstraint.c ..\IkConstraintData.c ..\Json.c ..\MeshAttachment.c ..\RegionAttachment.c ..\Skeleton.c ..\SkeletonBounds.c ..\SkeletonData.c ..\SkeletonJson.c ..\Skin.c ..\SkinnedMeshAttachment.c ..\Slot.c ..\SlotData.c
         Animation.c
         AnimationState.c
         AnimationStateData.c
         Atlas.c
         AtlasAttachmentLoader.c
         Attachment.c
         AttachmentLoader.c
         Bone.c
         BoneData.c
         BoundingBoxAttachment.c
         Event.c
         EventData.c
         extension.c
         IkConstraint.c
         IkConstraintData.c
         Json.c
         MeshAttachment.c
         RegionAttachment.c
         Skeleton.c
         SkeletonBounds.c
         SkeletonData.c
         SkeletonJson.c
         Skin.c
         SkinnedMeshAttachment.c
         Slot.c
         SlotData.c
         D:\Microsoft Visual Studio 11.0\VC\bin\CL.exe /c /I"D:\game\frameworks\cocos2d-x\cocos\2d\..\..\\" /I"D:\game\frameworks\cocos2d-x\cocos\2d\..\..\cocos\audio\include" /I"D:\game\frameworks\cocos2d-x\cocos\2d\..\..\cocos\editor-support" /I"D:\game\frameworks\cocos2d-x\cocos\2d\..\..\extensions" /I"D:\game\frameworks\cocos2d-x\cocos\2d\..\..\cocos\editor-support" /I"D:\game\frameworks\cocos2d-x\cocos\2d\..\..\cocos" /I"D:\game\frameworks\cocos2d-x\cocos\2d\..\..\cocos\platform" /I"D:\game\frameworks\cocos2d-x\cocos\2d\..\..\cocos\platform\desktop" /I"D:\game\frameworks\cocos2d-x\cocos\2d\..\..\external\glfw3\include\win32" /I"D:\game\frameworks\cocos2d-x\cocos\2d\..\..\external\win32-specific\gles\include\OGLES" /ZI /nologo /W3 /WX- /MP /Od /Oy- /D WIN32 /D _DEBUG /D _WINDOWS /D _LIB /D COCOS2DXWIN32_EXPORTS /D GL_GLEXT_PROTOTYPES /D COCOS2D_DEBUG=1 /D _CRT_SECURE_NO_WARNINGS /D _SCL_SECURE_NO_WARNINGS /D _VARIADIC_MAX=10 /D _UNICODE /D UNICODE /Gm- /EHsc /RTC1 /MDd /GS /fp:precise /Zc:wchar_t /Zc:forScope /Fo"Debug.win32\\" /Fd"Debug.win32\vc110.pdb" /Gd /TP /wd4267 /wd4251 /wd4244 /analyze- /errorReport:prompt ..\PolygonBatch.cpp ..\SkeletonAnimation.cpp ..\SkeletonRenderer.cpp "..\spine-cocos2dx.cpp"
         PolygonBatch.cpp
         SkeletonAnimation.cpp
         SkeletonRenderer.cpp
         spine-cocos2dx.cpp
     1>d:\game\frameworks\cocos2d-x\cocos\editor-support\spine\skeletonrenderer.cpp(229): warning C4996: 'cocos2d::DrawPrimitives::setDrawColor4B': 被声明为已否决
                 d:\game\frameworks\cocos2d-x\cocos\2d\ccdrawingprimitives.h(150) : 参见“cocos2d::DrawPrimitives::setDrawColor4B”的声明
     1>d:\game\frameworks\cocos2d-x\cocos\editor-support\spine\skeletonrenderer.cpp(242): warning C4996: 'cocos2d::DrawPrimitives::drawPoly': 被声明为已否决
                 d:\game\frameworks\cocos2d-x\cocos\2d\ccdrawingprimitives.h(109) : 参见“cocos2d::DrawPrimitives::drawPoly”的声明
     1>d:\game\frameworks\cocos2d-x\cocos\editor-support\spine\skeletonrenderer.cpp(248): warning C4996: 'cocos2d::DrawPrimitives::setDrawColor4B': 被声明为已否决
                 d:\game\frameworks\cocos2d-x\cocos\2d\ccdrawingprimitives.h(150) : 参见“cocos2d::DrawPrimitives::setDrawColor4B”的声明
     1>d:\game\frameworks\cocos2d-x\cocos\editor-support\spine\skeletonrenderer.cpp(253): warning C4996: 'cocos2d::DrawPrimitives::drawLine': 被声明为已否决
                 d:\game\frameworks\cocos2d-x\cocos\2d\ccdrawingprimitives.h(96) : 参见“cocos2d::DrawPrimitives::drawLine”的声明
     1>d:\game\frameworks\cocos2d-x\cocos\editor-support\spine\skeletonrenderer.cpp(256): warning C4996: 'cocos2d::DrawPrimitives::setPointSize': 被声明为已否决
                 d:\game\frameworks\cocos2d-x\cocos\2d\ccdrawingprimitives.h(160) : 参见“cocos2d::DrawPrimitives::setPointSize”的声明
     1>d:\game\frameworks\cocos2d-x\cocos\editor-support\spine\skeletonrenderer.cpp(257): warning C4996: 'cocos2d::DrawPrimitives::setDrawColor4B': 被声明为已否决
                 d:\game\frameworks\cocos2d-x\cocos\2d\ccdrawingprimitives.h(150) : 参见“cocos2d::DrawPrimitives::setDrawColor4B”的声明
     1>d:\game\frameworks\cocos2d-x\cocos\editor-support\spine\skeletonrenderer.cpp(260): warning C4996: 'cocos2d::DrawPrimitives::drawPoint': 被声明为已否决
                 d:\game\frameworks\cocos2d-x\cocos\2d\ccdrawingprimitives.h(88) : 参见“cocos2d::DrawPrimitives::drawPoint”的声明
     1>d:\game\frameworks\cocos2d-x\cocos\editor-support\spine\skeletonrenderer.cpp(261): warning C4996: 'cocos2d::DrawPrimitives::setDrawColor4B': 被声明为已否决
                 d:\game\frameworks\cocos2d-x\cocos\2d\ccdrawingprimitives.h(150) : 参见“cocos2d::DrawPrimitives::setDrawColor4B”的声明
       Lib:
         D:\Microsoft Visual Studio 11.0\VC\bin\Lib.exe /OUT:"D:\game\frameworks\runtime-src\proj.win32\Debug.win32\libSpine.lib" /NOLOGO Debug.win32\Animation.obj
         Debug.win32\AnimationState.obj
         Debug.win32\AnimationStateData.obj
         Debug.win32\Atlas.obj
         Debug.win32\AtlasAttachmentLoader.obj
         Debug.win32\Attachment.obj
         Debug.win32\AttachmentLoader.obj
         Debug.win32\Bone.obj
         Debug.win32\BoneData.obj
         Debug.win32\BoundingBoxAttachment.obj
         Debug.win32\Event.obj
         Debug.win32\EventData.obj
         Debug.win32\extension.obj
         Debug.win32\IkConstraint.obj
         Debug.win32\IkConstraintData.obj
         Debug.win32\Json.obj
         Debug.win32\MeshAttachment.obj
         Debug.win32\PolygonBatch.obj
         Debug.win32\RegionAttachment.obj
         Debug.win32\Skeleton.obj
         Debug.win32\SkeletonAnimation.obj
         Debug.win32\SkeletonBounds.obj
         Debug.win32\SkeletonData.obj
         Debug.win32\SkeletonJson.obj
         Debug.win32\SkeletonRenderer.obj
         Debug.win32\Skin.obj
         Debug.win32\SkinnedMeshAttachment.obj
         Debug.win32\Slot.obj
         Debug.win32\SlotData.obj
         "Debug.win32\spine-cocos2dx.obj"
         libSpine.vcxproj -> D:\game\frameworks\runtime-src\proj.win32\Debug.win32\libSpine.lib
     1>已完成生成项目“D:\game\frameworks\cocos2d-x\cocos\editor-support\spine\proj.win32\libSpine.vcxproj”(Rebuild 个目标)的操作。

生成成功。

已用时间 00:00:17.64
